<?xml version="1.0" encoding="UTF-8"?>
<!-- Generated by org.testng.reporters.JUnitReportReporter -->
<testsuite hostname="LAPTOP-DR7M9M5N" failures="0" tests="1" name="verificationUsingTestng.VerifyRadioButton" time="15.520" errors="0" timestamp="2022-06-27T15:35:06 IST" skipped="0">
  <testcase classname="verificationUsingTestng.VerifyRadioButton" name="MyMethod" time="15.520"/>
  <system-out/>
</testsuite> <!-- verificationUsingTestng.VerifyRadioButton -->
