<?xml version="1.0" encoding="UTF-8"?>
<!-- Generated by org.testng.reporters.JUnitReportReporter -->
<testsuite hostname="LAPTOP-DR7M9M5N" failures="0" tests="2" name="testNg.AnnoTationStudy" time="0.005" errors="0" timestamp="2022-06-22T22:39:55 IST" skipped="0">
  <testcase classname="testNg.AnnoTationStudy" name="validDashboard" time="0.004"/>
  <system-out>
    <![CDATA[Dashboard valid]]>
  </system-out>
  <testcase classname="testNg.AnnoTationStudy" name="validateUserId" time="0.001"/>
  <system-out>
    <![CDATA[User Id validate]]>
  </system-out>
</testsuite> <!-- testNg.AnnoTationStudy -->
