<?xml version="1.0" encoding="UTF-8"?>
<!-- Generated by org.testng.reporters.JUnitReportReporter -->
<testsuite hostname="LAPTOP-DR7M9M5N" failures="0" tests="2" name="parallelAndSerialExecution.MyClass1" time="8.606" errors="0" timestamp="2022-06-27T14:37:11 IST" skipped="0">
  <testcase classname="parallelAndSerialExecution.MyClass1" name="MyMethod" time="4.529"/>
  <system-out/>
  <testcase classname="parallelAndSerialExecution.MyClass1" name="MyMethod" time="4.077"/>
  <system-out/>
</testsuite> <!-- parallelAndSerialExecution.MyClass1 -->
