<?xml version="1.0" encoding="UTF-8"?>
<!-- Generated by org.testng.reporters.JUnitReportReporter -->
<testsuite hostname="LAPTOP-DR7M9M5N" failures="0" tests="1" name="testNg.AnnoTationStudy1" time="0.001" errors="0" timestamp="2022-06-22T22:39:55 IST" skipped="0">
  <testcase classname="testNg.AnnoTationStudy1" name="rechargePhone" time="0.001"/>
  <system-out>
    <![CDATA[recharge done ]]>
  </system-out>
</testsuite> <!-- testNg.AnnoTationStudy1 -->
