<?xml version="1.0" encoding="UTF-8"?>
<!-- Generated by org.testng.reporters.JUnitReportReporter -->
<testsuite hostname="LAPTOP-DR7M9M5N" failures="0" tests="1" name="verificationUsingTestng.MultipleVerification" time="0.007" errors="0" timestamp="2022-06-28T22:43:52 IST" skipped="0">
  <testcase classname="verificationUsingTestng.MultipleVerification" name="myMethod" time="0.007"/>
  <system-out/>
</testsuite> <!-- verificationUsingTestng.MultipleVerification -->
