<?xml version="1.0" encoding="UTF-8"?>
<!-- Generated by org.testng.reporters.JUnitReportReporter -->
<testsuite hostname="LAPTOP-DR7M9M5N" failures="0" tests="2" name="testNgKeyWords.MyTestClass2" time="0.002" errors="0" timestamp="2022-06-26T11:31:36 IST" skipped="0">
  <testcase classname="testNgKeyWords.MyTestClass2" name="q" time="0.001"/>
  <system-out>
    <![CDATA[q is running, regression]]>
  </system-out>
  <testcase classname="testNgKeyWords.MyTestClass2" name="s" time="0.001"/>
  <system-out>
    <![CDATA[s is running, regression]]>
  </system-out>
</testsuite> <!-- testNgKeyWords.MyTestClass2 -->
