<?xml version="1.0" encoding="UTF-8"?>
<!-- Generated by org.testng.reporters.JUnitReportReporter -->
<testsuite hostname="LAPTOP-DR7M9M5N" failures="0" tests="2" name="testNgKeyWords.MyTestClass1" time="0.006" errors="0" timestamp="2022-06-26T11:31:36 IST" skipped="0">
  <testcase classname="testNgKeyWords.MyTestClass1" name="b" time="0.006"/>
  <system-out>
    <![CDATA[B is running,regression]]>
  </system-out>
  <testcase classname="testNgKeyWords.MyTestClass1" name="d" time="0.000"/>
  <system-out>
    <![CDATA[D is running,regression]]>
  </system-out>
</testsuite> <!-- testNgKeyWords.MyTestClass1 -->
