<?xml version="1.0" encoding="UTF-8"?>
<!-- Generated by org.testng.reporters.JUnitReportReporter -->
<testsuite hostname="LAPTOP-DR7M9M5N" failures="0" tests="1" name="kitePOMUsingTestNg.ValidateKiteAppUserName" time="2.705" errors="0" timestamp="2022-07-04T19:23:44 IST" skipped="0">
  <testcase classname="kitePOMUsingTestNg.ValidateKiteAppUserName" name="validateUserName" time="2.705"/>
  <system-out>
    <![CDATA[validating UserName
Actual and Expected UN are matching TC passed]]>
  </system-out>
</testsuite> <!-- kitePOMUsingTestNg.ValidateKiteAppUserName -->
