<?xml version="1.0" encoding="UTF-8"?>
<!-- Generated by org.testng.reporters.JUnitReportReporter -->
<testsuite hostname="LAPTOP-DR7M9M5N" failures="0" tests="3" name="testNgKeyWords.PriorityUse" time="0.009" errors="0" timestamp="2022-06-23T21:43:07 IST" skipped="0">
  <testcase classname="testNgKeyWords.PriorityUse" name="d" time="0.006"/>
  <system-out>
    <![CDATA[d is running]]>
  </system-out>
  <testcase classname="testNgKeyWords.PriorityUse" name="v" time="0.002"/>
  <system-out>
    <![CDATA[v is running]]>
  </system-out>
  <testcase classname="testNgKeyWords.PriorityUse" name="a" time="0.001"/>
  <system-out>
    <![CDATA[a is running]]>
  </system-out>
</testsuite> <!-- testNgKeyWords.PriorityUse -->
