<?xml version="1.0" encoding="UTF-8"?>
<!-- Generated by org.testng.reporters.JUnitReportReporter -->
<testsuite hostname="LAPTOP-DR7M9M5N" failures="0" tests="3" name="testNgKeyWords.TimeOutUses" time="0.115" errors="0" timestamp="2022-06-23T21:56:54 IST" skipped="0">
  <testcase classname="testNgKeyWords.TimeOutUses" name="a" time="0.006"/>
  <system-out>
    <![CDATA[a is running]]>
  </system-out>
  <testcase classname="testNgKeyWords.TimeOutUses" name="v" time="0.002"/>
  <system-out>
    <![CDATA[v is running]]>
  </system-out>
  <testcase classname="testNgKeyWords.TimeOutUses" name="d" time="0.107"/>
  <system-out>
    <![CDATA[d is running]]>
  </system-out>
</testsuite> <!-- testNgKeyWords.TimeOutUses -->
