<?xml version="1.0" encoding="UTF-8"?>
<!-- Generated by org.testng.reporters.JUnitReportReporter -->
<testsuite hostname="LAPTOP-DR7M9M5N" failures="0" tests="3" name="testNgKeyWords.InvocationCountUse" time="0.015" errors="0" timestamp="2022-06-22T22:45:29 IST" skipped="0">
  <testcase classname="testNgKeyWords.InvocationCountUse" name="myTest" time="0.004"/>
  <system-out>
    <![CDATA[hello]]>
  </system-out>
  <testcase classname="testNgKeyWords.InvocationCountUse" name="myTest" time="0.003"/>
  <system-out>
    <![CDATA[hello]]>
  </system-out>
  <testcase classname="testNgKeyWords.InvocationCountUse" name="myTest" time="0.008"/>
  <system-out>
    <![CDATA[hello]]>
  </system-out>
</testsuite> <!-- testNgKeyWords.InvocationCountUse -->
