<?xml version="1.0" encoding="UTF-8"?>
<!-- Generated by org.testng.reporters.JUnitReportReporter -->
<testsuite hostname="LAPTOP-DR7M9M5N" failures="0" tests="1" name="parallelAndSerialExecution.MyClass2" time="2.578" errors="0" timestamp="2022-06-27T14:36:32 IST" skipped="0">
  <testcase classname="parallelAndSerialExecution.MyClass2" name="MyMethod" time="2.578"/>
  <system-out/>
</testsuite> <!-- parallelAndSerialExecution.MyClass2 -->
