<?xml version="1.0" encoding="UTF-8"?>
<!-- Generated by org.testng.reporters.JUnitReportReporter -->
<testsuite hostname="LAPTOP-DR7M9M5N" failures="0" tests="4" name="testNgKeyWords.DependsOnMethodUse" time="0.008" errors="0" timestamp="2022-06-23T22:08:41 IST" skipped="0">
  <testcase classname="testNgKeyWords.DependsOnMethodUse" name="d" time="0.007"/>
  <system-out>
    <![CDATA[d is running]]>
  </system-out>
  <testcase classname="testNgKeyWords.DependsOnMethodUse" name="a" time="0.000"/>
  <system-out>
    <![CDATA[a is running]]>
  </system-out>
  <testcase classname="testNgKeyWords.DependsOnMethodUse" name="a" time="0.001"/>
  <system-out>
    <![CDATA[a is running]]>
  </system-out>
  <testcase classname="testNgKeyWords.DependsOnMethodUse" name="v" time="0.000"/>
  <system-out>
    <![CDATA[v is running]]>
  </system-out>
</testsuite> <!-- testNgKeyWords.DependsOnMethodUse -->
