<?xml version="1.0" encoding="UTF-8"?>
<!-- Generated by org.testng.reporters.JUnitReportReporter -->
<testsuite hostname="LAPTOP-DR7M9M5N" failures="0" tests="2" name="testNg.MyTestClass" time="12.653" errors="0" timestamp="2022-06-22T22:39:55 IST" skipped="0">
  <testcase classname="testNg.MyTestClass" name="MyMethod1" time="2.837"/>
  <system-out/>
  <testcase classname="testNg.MyTestClass" name="MyMethod" time="9.816"/>
  <system-out>
    <![CDATA[hi method is running this is reporter output
hi method is running this is reporter output true]]>
  </system-out>
</testsuite> <!-- testNg.MyTestClass -->
