<?xml version="1.0" encoding="UTF-8"?>
<!-- Generated by org.testng.reporters.JUnitReportReporter -->
<testsuite hostname="LAPTOP-DR7M9M5N" failures="0" tests="3" name="testNgKeyWords.EnableUses" time="0.007" errors="0" timestamp="2022-06-23T21:49:14 IST" skipped="1">
  <testcase classname="testNgKeyWords.EnableUses" name="d" time="0.006"/>
  <system-out>
    <![CDATA[d is running]]>
  </system-out>
  <testcase classname="testNgKeyWords.EnableUses" name="v" time="0.001"/>
  <system-out>
    <![CDATA[v is running]]>
  </system-out>
  <testcase classname="testNgKeyWords.EnableUses" name="a">
    <skipped/>
  </testcase> <!-- a -->
  <system-out/>
</testsuite> <!-- testNgKeyWords.EnableUses -->
