<?xml version="1.0" encoding="UTF-8"?>
<!-- Generated by org.testng.reporters.JUnitReportReporter -->
<testsuite hostname="LAPTOP-DR7M9M5N" failures="0" tests="1" name="crosserBrowserTest.FireFoxTest" time="18.569" errors="0" timestamp="2022-06-29T22:00:13 IST" skipped="0">
  <testcase classname="crosserBrowserTest.FireFoxTest" name="myMethod" time="18.569"/>
  <system-out/>
</testsuite> <!-- crosserBrowserTest.FireFoxTest -->
