<?xml version="1.0" encoding="UTF-8"?>
<!-- Generated by org.testng.reporters.JUnitReportReporter -->
<testsuite hostname="LAPTOP-DR7M9M5N" failures="0" tests="1" name="kiteTest.ValidateKiteUserId" time="3.374" errors="0" timestamp="2022-07-05T13:49:36 IST" skipped="0">
  <testcase classname="kiteTest.ValidateKiteUserId" name="validateUserId" time="3.374"/>
  <system-out/>
</testsuite> <!-- kiteTest.ValidateKiteUserId -->
